<?xml version="1.0" encoding="UTF-8"?>
<!-- Generated by org.testng.reporters.JUnitXMLReporter -->
<testsuite ignored="9" hostname="ArunMotoori" failures="0" tests="1" name="Default test" time="7.348" errors="0" timestamp="2025-02-22T12:17:26 IST">
  <testcase classname="tests.Search" name="verifySearchBySelectingToSearchInSubCategories" time="2.552"/>
  <testcase classname="tests.Search" name="verifySearchWithAnExistingProduct" time="0.0">
    <ignored/>
  </testcase> <!-- verifySearchWithAnExistingProduct -->
  <testcase classname="tests.Search" name="verifySearchUsingTextInProductDescription" time="0.0">
    <ignored/>
  </testcase> <!-- verifySearchUsingTextInProductDescription -->
  <testcase classname="tests.Search" name="verifySearchFunctionalityFielsPlaceHolders" time="0.0">
    <ignored/>
  </testcase> <!-- verifySearchFunctionalityFielsPlaceHolders -->
  <testcase classname="tests.Search" name="verifyProductSeachResultingMultipleProducts" time="0.0">
    <ignored/>
  </testcase> <!-- verifyProductSeachResultingMultipleProducts -->
  <testcase classname="tests.Search" name="verifyProductSearchAfterLogin" time="0.0">
    <ignored/>
  </testcase> <!-- verifyProductSearchAfterLogin -->
  <testcase classname="tests.Search" name="verifySearchFunctionalityUsingSearchCriteriaField" time="0.0">
    <ignored/>
  </testcase> <!-- verifySearchFunctionalityUsingSearchCriteriaField -->
  <testcase classname="tests.Search" name="verifySearchBySelectingTheCategory" time="0.0">
    <ignored/>
  </testcase> <!-- verifySearchBySelectingTheCategory -->
  <testcase classname="tests.Search" name="verifySearchWithANonExistingProduct" time="0.0">
    <ignored/>
  </testcase> <!-- verifySearchWithANonExistingProduct -->
  <testcase classname="tests.Search" name="verifySearchWithoutEnterAnyProduct" time="0.0">
    <ignored/>
  </testcase> <!-- verifySearchWithoutEnterAnyProduct -->
</testsuite> <!-- Default test -->
