<?xml version="1.0" encoding="UTF-8"?>
<!-- Generated by org.testng.reporters.JUnitXMLReporter -->
<testsuite ignored="13" hostname="ArunMotoori" failures="0" tests="1" name="Default test" time="7.827" errors="0" timestamp="2025-02-23T18:12:57 IST">
  <testcase classname="tests.Search" name="verifyAllSortingOptionsInSearchResultsPage" time="1.895"/>
  <testcase classname="tests.Search" name="verifySearchBySelectingTheCategory" time="0.0">
    <ignored/>
  </testcase> <!-- verifySearchBySelectingTheCategory -->
  <testcase classname="tests.Search" name="verifySearchFunctionalityUsingSearchCriteriaField" time="0.0">
    <ignored/>
  </testcase> <!-- verifySearchFunctionalityUsingSearchCriteriaField -->
  <testcase classname="tests.Search" name="verifySearchWithANonExistingProduct" time="0.0">
    <ignored/>
  </testcase> <!-- verifySearchWithANonExistingProduct -->
  <testcase classname="tests.Search" name="verifySearchWithAnExistingProduct" time="0.0">
    <ignored/>
  </testcase> <!-- verifySearchWithAnExistingProduct -->
  <testcase classname="tests.Search" name="verifyListAndGridViewsWhenMultipleProductsAreDisplayed" time="0.0">
    <ignored/>
  </testcase> <!-- verifyListAndGridViewsWhenMultipleProductsAreDisplayed -->
  <testcase classname="tests.Search" name="verifySearchFunctionalityFielsPlaceHolders" time="0.0">
    <ignored/>
  </testcase> <!-- verifySearchFunctionalityFielsPlaceHolders -->
  <testcase classname="tests.Search" name="verifyProductSeachResultingMultipleProducts" time="0.0">
    <ignored/>
  </testcase> <!-- verifyProductSeachResultingMultipleProducts -->
  <testcase classname="tests.Search" name="verifyNavigationToProductComparisonPageFromSearchResultsPage" time="0.0">
    <ignored/>
  </testcase> <!-- verifyNavigationToProductComparisonPageFromSearchResultsPage -->
  <testcase classname="tests.Search" name="verifySearchBySelectingToSearchInSubCategories" time="0.0">
    <ignored/>
  </testcase> <!-- verifySearchBySelectingToSearchInSubCategories -->
  <testcase classname="tests.Search" name="verifySearchWithoutEnterAnyProduct" time="0.0">
    <ignored/>
  </testcase> <!-- verifySearchWithoutEnterAnyProduct -->
  <testcase classname="tests.Search" name="verifyListAndGridViewsInSearchResultsPageHavingOneProduct" time="0.0">
    <ignored/>
  </testcase> <!-- verifyListAndGridViewsInSearchResultsPageHavingOneProduct -->
  <testcase classname="tests.Search" name="verifySearchUsingTextInProductDescription" time="0.0">
    <ignored/>
  </testcase> <!-- verifySearchUsingTextInProductDescription -->
  <testcase classname="tests.Search" name="verifyProductSearchAfterLogin" time="0.0">
    <ignored/>
  </testcase> <!-- verifyProductSearchAfterLogin -->
</testsuite> <!-- Default test -->
