<?xml version="1.0" encoding="UTF-8"?>
<!-- Generated by org.testng.reporters.JUnitXMLReporter -->
<testsuite ignored="0" hostname="ArunMotoori" failures="2" tests="21" name="Test" time="233.138" errors="0" timestamp="2025-03-22T13:48:23 IST">
  <testcase classname="tests.Login" name="verifyLoggingIntoApplicationUsingValidCredentails" time="10.168"/>
  <testcase classname="tests.Login" name="verifyLoggingIntoApplicationUsingInvalidCredentials" time="2.002"/>
  <testcase classname="tests.Login" name="verifyLoggingIntoApplicationUsingInvalidEmailAndValidPassword" time="1.549"/>
  <testcase classname="tests.Login" name="verifyLoggingIntoApplicationUsingValidEmailAndInvalidPassword" time="1.842"/>
  <testcase classname="tests.Login" name="verifyLoggingIntoApplicationWithoutProvidingAnyCredentials" time="1.167"/>
  <testcase classname="tests.Login" name="verifyForgottenPasswordOptionIsAvailable" time="0.769"/>
  <testcase classname="tests.Login" name="verifyLoggingIntoApplicationUsingKeyboardKeys" time="11.451"/>
  <testcase classname="tests.Login" name="verifyPlaceHoldersOfFieldsInLoginPage" time="0.128"/>
  <testcase classname="tests.Login" name="verifyBrowsingBackAfterLogin" time="8.648"/>
  <testcase classname="tests.Login" name="verifyBrowsingBackAfterLogout" time="11.608"/>
  <testcase classname="tests.Login" name="verifyLoggingIntoApplicationUsingInactiveCredentials" time="1.723"/>
  <testcase classname="tests.Login" name="verifyNumberOfUnsuccessfulLoginAttemps" time="10.843"/>
  <testcase classname="tests.Login" name="verifyLoginPasswordFieldForVisibility" time="0.098"/>
  <testcase classname="tests.Login" name="verifyCopyingOfTextEnteredIntoPasswordField" time="1.256"/>
  <testcase classname="tests.Login" name="verifyPasswordIsNotVisibleInPageSource" time="1.336">
    <failure type="java.lang.AssertionError" message="expected [false] but found [true]">
      <![CDATA[java.lang.AssertionError: expected [false] but found [true]
at tests.Login.verifyPasswordIsNotVisibleInPageSource(Login.java:210)
at java.base/java.util.ArrayList.forEach(ArrayList.java:1511)
... Removed 31 stack frames]]>
    </failure>
  </testcase> <!-- verifyPasswordIsNotVisibleInPageSource -->
  <testcase classname="tests.Login" name="verifyLoggingIntoApplicationUsingChangedPassword" time="4.403">
    <failure type="org.openqa.selenium.NoSuchElementException" message="no such element: Unable to locate element: {&amp;quot;method&amp;quot;:&amp;quot;link text&amp;quot;,&amp;quot;selector&amp;quot;:&amp;quot;Change your password&amp;quot;}
  (Session info: chrome=134.0.6998.118)
For documentation on this error, please visit: https://www.selenium.dev/documentation/webdriver/troubleshooting/errors#no-such-element-exception
Build info: version: &amp;apos;4.27.0&amp;apos;, revision: &amp;apos;d6e718d134&amp;apos;
System info: os.name: &amp;apos;Windows 11&amp;apos;, os.arch: &amp;apos;amd64&amp;apos;, os.version: &amp;apos;10.0&amp;apos;, java.version: &amp;apos;17.0.14&amp;apos;
Driver info: org.openqa.selenium.chrome.ChromeDriver
Command: [43e71fb452c34dc5d7acf2409db28f3d, findElement {using=link text, value=Change your password}]
Capabilities {acceptInsecureCerts: false, browserName: chrome, browserVersion: 134.0.6998.118, chrome: {chromedriverVersion: 134.0.6998.165 (fd886e2cb29..., userDataDir: C:\Users\arunm\AppData\Loca...}, fedcm:accounts: true, goog:chromeOptions: {debuggerAddress: localhost:60479}, networkConnectionEnabled: false, pageLoadStrategy: normal, platformName: windows, proxy: Proxy(), se:cdp: ws://localhost:60479/devtoo..., se:cdpVersion: 134.0.6998.118, setWindowRect: true, strictFileInteractability: false, timeouts: {implicit: 0, pageLoad: 300000, script: 30000}, unhandledPromptBehavior: dismiss and notify, webauthn:extension:credBlob: true, webauthn:extension:largeBlob: true, webauthn:extension:minPinLength: true, webauthn:extension:prf: true, webauthn:virtualAuthenticators: true}
Session ID: 43e71fb452c34dc5d7acf2409db28f3d">
      <![CDATA[org.openqa.selenium.NoSuchElementException: no such element: Unable to locate element: {"method":"link text","selector":"Change your password"}
  (Session info: chrome=134.0.6998.118)
For documentation on this error, please visit: https://www.selenium.dev/documentation/webdriver/troubleshooting/errors#no-such-element-exception
Build info: version: '4.27.0', revision: 'd6e718d134'
System info: os.name: 'Windows 11', os.arch: 'amd64', os.version: '10.0', java.version: '17.0.14'
Driver info: org.openqa.selenium.chrome.ChromeDriver
Command: [43e71fb452c34dc5d7acf2409db28f3d, findElement {using=link text, value=Change your password}]
Capabilities {acceptInsecureCerts: false, browserName: chrome, browserVersion: 134.0.6998.118, chrome: {chromedriverVersion: 134.0.6998.165 (fd886e2cb29..., userDataDir: C:\Users\arunm\AppData\Loca...}, fedcm:accounts: true, goog:chromeOptions: {debuggerAddress: localhost:60479}, networkConnectionEnabled: false, pageLoadStrategy: normal, platformName: windows, proxy: Proxy(), se:cdp: ws://localhost:60479/devtoo..., se:cdpVersion: 134.0.6998.118, setWindowRect: true, strictFileInteractability: false, timeouts: {implicit: 0, pageLoad: 300000, script: 30000}, unhandledPromptBehavior: dismiss and notify, webauthn:extension:credBlob: true, webauthn:extension:largeBlob: true, webauthn:extension:minPinLength: true, webauthn:extension:prf: true, webauthn:virtualAuthenticators: true}
Session ID: 43e71fb452c34dc5d7acf2409db28f3d
at org.openqa.selenium.remote.ErrorCodec.decode(ErrorCodec.java:167)
at org.openqa.selenium.remote.codec.w3c.W3CHttpResponseCodec.decode(W3CHttpResponseCodec.java:138)
at org.openqa.selenium.remote.codec.w3c.W3CHttpResponseCodec.decode(W3CHttpResponseCodec.java:50)
at org.openqa.selenium.remote.HttpCommandExecutor.execute(HttpCommandExecutor.java:190)
at org.openqa.selenium.remote.service.DriverCommandExecutor.invokeExecute(DriverCommandExecutor.java:216)
at org.openqa.selenium.remote.service.DriverCommandExecutor.execute(DriverCommandExecutor.java:174)
at org.openqa.selenium.remote.RemoteWebDriver.execute(RemoteWebDriver.java:545)
at org.openqa.selenium.remote.ElementLocation$ElementFinder$2.findElement(ElementLocation.java:165)
at org.openqa.selenium.remote.ElementLocation.findElement(ElementLocation.java:59)
at org.openqa.selenium.remote.RemoteWebDriver.findElement(RemoteWebDriver.java:368)
at org.openqa.selenium.remote.RemoteWebDriver.findElement(RemoteWebDriver.java:362)
at org.openqa.selenium.support.pagefactory.DefaultElementLocator.findElement(DefaultElementLocator.java:68)
at org.openqa.selenium.support.pagefactory.internal.LocatingElementHandler.invoke(LocatingElementHandler.java:38)
at jdk.proxy2/jdk.proxy2.$Proxy14.isDisplayed(Unknown Source)
at utils.ElementUtilities.isElementDisplayedOnPage(ElementUtilities.java:126)
at utils.ElementUtilities.clickOnElement(ElementUtilities.java:85)
at pages.MyAccountPage.clickOnChangeYourPasswordOption(MyAccountPage.java:128)
at tests.Login.verifyLoggingIntoApplicationUsingChangedPassword(Login.java:219)
at java.base/java.util.ArrayList.forEach(ArrayList.java:1511)
... Removed 32 stack frames]]>
    </failure>
  </testcase> <!-- verifyLoggingIntoApplicationUsingChangedPassword -->
  <testcase classname="tests.Login" name="verifyLoginPageNavigations" time="40.327"/>
  <testcase classname="tests.Login" name="verifyDifferrentWaysOfNavigatingToLoginPage" time="2.097"/>
  <testcase classname="tests.Login" name="verifyLoginPageBreadcrumbURLTitleHeading" time="0.239"/>
  <testcase classname="tests.Login" name="verifyLoginPageUI" time="0.415"/>
  <testcase classname="tests.Login" name="verifyLoginInAllEnvironments" time="9.548"/>
</testsuite> <!-- Test -->
