<?xml version="1.0" encoding="UTF-8"?>
<!-- Generated by org.testng.reporters.JUnitXMLReporter -->
<testsuite ignored="1" hostname="ArunMotoori" failures="12" tests="51" name="Test" time="499.907" errors="0" timestamp="2025-01-26T12:18:23 IST">
  <testcase classname="tests.Register" name="verifyRegisteringAccountUsingMandatoryFields" time="4.431"/>
  <testcase classname="tests.Register" name="verifyThankYourConfirmationEmailOnSuccessfulRegistration" time="8.172"/>
  <testcase classname="tests.Register" name="verifyRegistringAccountUsingAllFields" time="4.55"/>
  <testcase classname="tests.Register" name="verifyWarningMessageOfMandatoryFieldsInRegisterAccountPage" time="1.146"/>
  <testcase classname="tests.Register" name="verifyRegisteringAccountBySubscribingToNewsletter" time="4.874"/>
  <testcase classname="tests.Register" name="verifyRegisteringAccountByNotSubscribingToNewsletter" time="4.555"/>
  <testcase classname="tests.Register" name="verifyDifferentWaysOfNavigatingToRegisterAccountPage" time="2.79"/>
  <testcase classname="tests.Register" name="verifyRegisteringAccountByProvidingMismatchedPasswords" time="3.111"/>
  <testcase classname="tests.Register" name="verifyRegisterAccountWithExistingEmailAddress" time="2.871"/>
  <testcase classname="tests.Register" name="verifyRegisteringAccountUsingInvalidEmail" time="4.297"/>
  <testcase classname="tests.Register" name="verifyRegisteringAccountUsingInvalidTelephoneNumber" time="6.024">
    <failure type="java.lang.AssertionError" message="expected [true] but found [false]">
      <![CDATA[java.lang.AssertionError: expected [true] but found [false]
at tests.Register.verifyRegisteringAccountUsingInvalidTelephoneNumber(Register.java:377)
at java.base/java.util.ArrayList.forEach(ArrayList.java:1596)
... Removed 29 stack frames]]>
    </failure>
  </testcase> <!-- verifyRegisteringAccountUsingInvalidTelephoneNumber -->
  <testcase classname="tests.Register" name="verifyRegisteringAccountUsingKeyboardKeys" time="2.603"/>
  <testcase classname="tests.Register" name="verifyRegisterAccountPagePlaceholders" time="0.209"/>
  <testcase classname="tests.Register" name="verifyMandatoryFieldsInRegisterAccountPage" time="0.304">
    <failure type="java.lang.AssertionError" message="expected [&amp;quot;* &amp;quot;] but found [none]">
      <![CDATA[java.lang.AssertionError: expected ["* "] but found [none]
at tests.Register.verifyMandatoryFieldsInRegisterAccountPage(Register.java:479)
at java.base/java.util.ArrayList.forEach(ArrayList.java:1596)
... Removed 31 stack frames]]>
    </failure>
  </testcase> <!-- verifyMandatoryFieldsInRegisterAccountPage -->
  <testcase classname="tests.Register" name="verifyRegisteringAccountByEnteringOnlySpaces" time="5.985">
    <failure type="java.lang.AssertionError" message="expected [Telephone does not appear to be valid!] but found []">
      <![CDATA[java.lang.AssertionError: expected [Telephone does not appear to be valid!] but found []
at tests.Register.verifyRegisteringAccountByEnteringOnlySpaces(Register.java:580)
at java.base/java.util.ArrayList.forEach(ArrayList.java:1596)
... Removed 31 stack frames]]>
    </failure>
  </testcase> <!-- verifyRegisteringAccountByEnteringOnlySpaces -->
  <testcase classname="tests.Register" name="verifyRegisteringAccountUsingPasswordsWhichAreNotFollowingPasswordComplexityStandards" time="6.178">
    <failure type="java.lang.AssertionError" message="expected [true] but found [false]">
      <![CDATA[java.lang.AssertionError: expected [true] but found [false]
at tests.Register.verifyRegisteringAccountUsingPasswordsWhichAreNotFollowingPasswordComplexityStandards(Register.java:612)
at java.base/java.util.ArrayList.forEach(ArrayList.java:1596)
... Removed 29 stack frames]]>
    </failure>
  </testcase> <!-- verifyRegisteringAccountUsingPasswordsWhichAreNotFollowingPasswordComplexityStandards -->
  <testcase classname="tests.Register" name="verifyRegisteringAccountUsingPasswordsWhichAreNotFollowingPasswordComplexityStandards" time="6.462">
    <failure type="java.lang.AssertionError" message="expected [true] but found [false]">
      <![CDATA[java.lang.AssertionError: expected [true] but found [false]
at tests.Register.verifyRegisteringAccountUsingPasswordsWhichAreNotFollowingPasswordComplexityStandards(Register.java:612)
at java.base/java.util.ArrayList.forEach(ArrayList.java:1596)
... Removed 29 stack frames]]>
    </failure>
  </testcase> <!-- verifyRegisteringAccountUsingPasswordsWhichAreNotFollowingPasswordComplexityStandards -->
  <testcase classname="tests.Register" name="verifyRegisteringAccountUsingPasswordsWhichAreNotFollowingPasswordComplexityStandards" time="6.164">
    <failure type="java.lang.AssertionError" message="expected [true] but found [false]">
      <![CDATA[java.lang.AssertionError: expected [true] but found [false]
at tests.Register.verifyRegisteringAccountUsingPasswordsWhichAreNotFollowingPasswordComplexityStandards(Register.java:612)
at java.base/java.util.ArrayList.forEach(ArrayList.java:1596)
... Removed 29 stack frames]]>
    </failure>
  </testcase> <!-- verifyRegisteringAccountUsingPasswordsWhichAreNotFollowingPasswordComplexityStandards -->
  <testcase classname="tests.Register" name="verifyRegisteringAccountUsingPasswordsWhichAreNotFollowingPasswordComplexityStandards" time="5.987">
    <failure type="java.lang.AssertionError" message="expected [true] but found [false]">
      <![CDATA[java.lang.AssertionError: expected [true] but found [false]
at tests.Register.verifyRegisteringAccountUsingPasswordsWhichAreNotFollowingPasswordComplexityStandards(Register.java:612)
at java.base/java.util.ArrayList.forEach(ArrayList.java:1596)
... Removed 29 stack frames]]>
    </failure>
  </testcase> <!-- verifyRegisteringAccountUsingPasswordsWhichAreNotFollowingPasswordComplexityStandards -->
  <testcase classname="tests.Register" name="verifyRegisteringAccountUsingPasswordsWhichAreNotFollowingPasswordComplexityStandards" time="6.395">
    <failure type="java.lang.AssertionError" message="expected [true] but found [false]">
      <![CDATA[java.lang.AssertionError: expected [true] but found [false]
at tests.Register.verifyRegisteringAccountUsingPasswordsWhichAreNotFollowingPasswordComplexityStandards(Register.java:612)
at java.base/java.util.ArrayList.forEach(ArrayList.java:1596)
... Removed 29 stack frames]]>
    </failure>
  </testcase> <!-- verifyRegisteringAccountUsingPasswordsWhichAreNotFollowingPasswordComplexityStandards -->
  <testcase classname="tests.Register" name="verifyHeightWidthNumberOfCharacters" time="54.076">
    <failure type="java.lang.AssertionError" message="expected [true] but found [false]">
      <![CDATA[java.lang.AssertionError: expected [true] but found [false]
at tests.Register.verifyHeightWidthNumberOfCharacters(Register.java:783)
at java.base/java.util.ArrayList.forEach(ArrayList.java:1596)
... Removed 29 stack frames]]>
    </failure>
  </testcase> <!-- verifyHeightWidthNumberOfCharacters -->
  <testcase classname="tests.Register" name="verifyRegisterAccountUsingLeadingAndTrailingSpaces" time="4.726">
    <failure type="java.lang.AssertionError" message="The following asserts failed:
	expected [Arun] but found [     Arun     ],
	expected [Motoori] but found [     Motoori     ],
	expected [1234567890] but found [     1234567890     ]">
      <![CDATA[java.lang.AssertionError: The following asserts failed:
expected [Arun] but found [     Arun     ],
expected [Motoori] but found [     Motoori     ],
expected [1234567890] but found [     1234567890     ]
at tests.Register.verifyRegisterAccountUsingLeadingAndTrailingSpaces(Register.java:833)
at java.base/java.util.ArrayList.forEach(ArrayList.java:1596)
... Removed 27 stack frames]]>
    </failure>
  </testcase> <!-- verifyRegisterAccountUsingLeadingAndTrailingSpaces -->
  <testcase classname="tests.Register" name="verifyRegisterAccountPrivacyPolicyField" time="0.082"/>
  <testcase classname="tests.Register" name="verifyRegisteringAccountWithoutSelectingPrivacyPolicyCheckboxField" time="2.28"/>
  <testcase classname="tests.Register" name="verifyRegisteringAccountPasswordFieldsForSecurity" time="0.092"/>
  <testcase classname="tests.Register" name="verifyRegisterAccountPageNavigations" time="32.507"/>
  <testcase classname="tests.Register" name="verifyRegisteringAccountWithoutEnteringConfirmationPassword" time="3.075"/>
  <testcase classname="tests.Register" name="verifyRegisterAccountPageBreadcrumbURLTitleHeading" time="0.104"/>
  <testcase classname="tests.Register" name="verifyRegisterAccountUI" time="0.786">
    <failure type="java.lang.AssertionError" message="expected [false] but found [true]">
      <![CDATA[java.lang.AssertionError: expected [false] but found [true]
at tests.Register.verifyRegisterAccountUI(Register.java:1073)
at java.base/java.util.ArrayList.forEach(ArrayList.java:1596)
... Removed 29 stack frames]]>
    </failure>
  </testcase> <!-- verifyRegisterAccountUI -->
  <testcase classname="tests.Register" name="verifyRegisterAccountInAllEnvironments" time="3.021"/>
  <testcase classname="tests.Login" name="verifyLoggingIntoApplicationUsingValidCredentails" time="1.788"/>
  <testcase classname="tests.Login" name="verifyLoggingIntoApplicationUsingInvalidCredentials" time="1.333"/>
  <testcase classname="tests.Login" name="verifyLoggingIntoApplicationUsingInvalidEmailAndValidPassword" time="1.49"/>
  <testcase classname="tests.Login" name="verifyLoggingIntoApplicationUsingValidEmailAndInvalidPassword" time="1.328"/>
  <testcase classname="tests.Login" name="verifyLoggingIntoApplicationWithoutProvidingAnyCredentials" time="0.768"/>
  <testcase classname="tests.Login" name="verifyForgottenPasswordOptionIsAvailable" time="0.554"/>
  <testcase classname="tests.Login" name="verifyLoggingIntoApplicationUsingKeyboardKeys" time="2.164"/>
  <testcase classname="tests.Login" name="verifyPlaceHoldersOfFieldsInLoginPage" time="0.078"/>
  <testcase classname="tests.Login" name="verifyBrowsingBackAfterLogin" time="2.234"/>
  <testcase classname="tests.Login" name="verifyBrowsingBackAfterLogout" time="3.201"/>
  <testcase classname="tests.Login" name="verifyLoggingIntoApplicationUsingInactiveCredentials" time="1.422"/>
  <testcase classname="tests.Login" name="verifyNumberOfUnsuccessfulLoginAttemps" time="7.554"/>
  <testcase classname="tests.Login" name="verifyLoginPasswordFieldForVisibility" time="0.027"/>
  <testcase classname="tests.Login" name="verifyCopyingOfTextEnteredIntoPasswordField" time="1.34"/>
  <testcase classname="tests.Login" name="verifyPasswordIsNotVisibleInPageSource" time="1.123">
    <failure type="java.lang.AssertionError" message="expected [false] but found [true]">
      <![CDATA[java.lang.AssertionError: expected [false] but found [true]
at tests.Login.verifyPasswordIsNotVisibleInPageSource(Login.java:192)
at java.base/java.util.ArrayList.forEach(ArrayList.java:1596)
... Removed 29 stack frames]]>
    </failure>
  </testcase> <!-- verifyPasswordIsNotVisibleInPageSource -->
  <testcase classname="tests.Login" name="verifyLoggingIntoApplicationUsingChangedPassword" time="9.043"/>
  <testcase classname="tests.Login" name="verifyLoginPageNavigations" time="30.602"/>
  <testcase classname="tests.Login" name="verifyDifferrentWaysOfNavigatingToLoginPage" time="2.179"/>
  <testcase classname="tests.Login" name="verifyLoginPageBreadcrumbURLTitleHeading" time="0.202"/>
  <testcase classname="tests.Login" name="verifyLoginPageUI" time="0.305"/>
  <testcase classname="tests.Login" name="verifyLoginInAllEnvironments" time="1.75"/>
  <testcase classname="tests.Register" name="verifyDataBaseTestingForRegisterAccount" time="0.0">
    <ignored/>
  </testcase> <!-- verifyDataBaseTestingForRegisterAccount -->
</testsuite> <!-- Test -->
