<?xml version="1.0" encoding="UTF-8"?>
<testng-results ignored="0" total="1" passed="1" failed="0" skipped="0">
  <reporter-output>
  </reporter-output>
  <suite started-at="2024-12-06T20:15:53 IST" name="Default suite" finished-at="2024-12-06T20:16:47 IST" duration-ms="53482">
    <groups>
    </groups>
    <test started-at="2024-12-06T20:15:53 IST" name="Default test" finished-at="2024-12-06T20:16:47 IST" duration-ms="53482">
      <class name="register.TC_RF_018">
        <test-method signature="verifyHeightWidthNumberOfCharacters()[pri:0, instance:register.TC_RF_018@2a7f1f10]" started-at="2024-12-06T20:15:53 IST" name="verifyHeightWidthNumberOfCharacters" finished-at="2024-12-06T20:16:46 IST" duration-ms="52856" status="PASS">
          <reporter-output>
          </reporter-output>
        </test-method> <!-- verifyHeightWidthNumberOfCharacters -->
        <test-method is-config="true" signature="teardown()[pri:0, instance:register.TC_RF_018@2a7f1f10]" started-at="2024-12-06T20:16:46 IST" name="teardown" finished-at="2024-12-06T20:16:47 IST" duration-ms="552" status="PASS">
          <reporter-output>
          </reporter-output>
        </test-method> <!-- teardown -->
      </class> <!-- register.TC_RF_018 -->
    </test> <!-- Default test -->
  </suite> <!-- Default suite -->
</testng-results>
