<?xml version="1.0" encoding="UTF-8"?>
<testng-results ignored="0" total="1" passed="1" failed="0" skipped="0">
  <reporter-output>
  </reporter-output>
  <suite started-at="2025-01-19T12:28:01 IST" name="Default suite" finished-at="2025-01-19T12:28:08 IST" duration-ms="6945">
    <groups>
    </groups>
    <test started-at="2025-01-19T12:28:01 IST" name="Default test" finished-at="2025-01-19T12:28:08 IST" duration-ms="6945">
      <class name="tests.Login">
        <test-method is-config="true" signature="setup()[pri:0, instance:tests.Login@173ed316]" started-at="2025-01-19T12:28:01 IST" name="setup" finished-at="2025-01-19T12:28:06 IST" duration-ms="5375" status="PASS">
          <reporter-output>
          </reporter-output>
        </test-method> <!-- setup -->
        <test-method signature="verifyCopyingOfTextEnteredIntoPasswordField()[pri:14, instance:tests.Login@173ed316]" started-at="2025-01-19T12:28:06 IST" name="verifyCopyingOfTextEnteredIntoPasswordField" finished-at="2025-01-19T12:28:07 IST" duration-ms="1174" status="PASS">
          <reporter-output>
          </reporter-output>
        </test-method> <!-- verifyCopyingOfTextEnteredIntoPasswordField -->
        <test-method is-config="true" signature="teardown()[pri:0, instance:tests.Login@173ed316]" started-at="2025-01-19T12:28:07 IST" name="teardown" finished-at="2025-01-19T12:28:08 IST" duration-ms="354" status="PASS">
          <reporter-output>
          </reporter-output>
        </test-method> <!-- teardown -->
      </class> <!-- tests.Login -->
    </test> <!-- Default test -->
  </suite> <!-- Default suite -->
</testng-results>
